<?xml version="1.0" encoding="UTF-8"?>
<testng-results ignored="0" total="1" passed="1" failed="0" skipped="0">
  <reporter-output>
  </reporter-output>
  <suite started-at="2022-06-11T10:14:12 IST" name="Default suite" finished-at="2022-06-11T10:14:17 IST" duration-ms="5379">
    <groups>
    </groups>
    <test started-at="2022-06-11T10:14:12 IST" name="Default test" finished-at="2022-06-11T10:14:17 IST" duration-ms="5379">
      <class name="LoggerTest">
        <test-method is-config="true" signature="setUp()[pri:0, instance:LoggerTest@dc7df28]" started-at="2022-06-11T10:14:12 IST" name="setUp" finished-at="2022-06-11T10:14:17 IST" duration-ms="4697" status="PASS">
          <reporter-output>
          </reporter-output>
        </test-method> <!-- setUp -->
        <test-method signature="verifyTitleTest()[pri:0, instance:LoggerTest@dc7df28]" started-at="2022-06-11T10:14:17 IST" name="verifyTitleTest" finished-at="2022-06-11T10:14:17 IST" duration-ms="27" status="PASS">
          <reporter-output>
          </reporter-output>
        </test-method> <!-- verifyTitleTest -->
        <test-method is-config="true" signature="tearDown()[pri:0, instance:LoggerTest@dc7df28]" started-at="2022-06-11T10:14:17 IST" name="tearDown" finished-at="2022-06-11T10:14:17 IST" duration-ms="604" status="PASS">
          <reporter-output>
          </reporter-output>
        </test-method> <!-- tearDown -->
      </class> <!-- LoggerTest -->
    </test> <!-- Default test -->
  </suite> <!-- Default suite -->
</testng-results>
